[debug] [2023-02-28T12:01:35.038Z] ----------------------------------------------------------------------
[debug] [2023-02-28T12:01:35.041Z] Command:       C:\Program Files\nodejs\node.exe C:\Users\-\AppData\Roaming\npm\node_modules\firebase-tools\lib\bin\firebase.js init
[debug] [2023-02-28T12:01:35.041Z] CLI Version:   11.24.0
[debug] [2023-02-28T12:01:35.042Z] Platform:      win32
[debug] [2023-02-28T12:01:35.042Z] Node Version:  v18.12.1
[debug] [2023-02-28T12:01:35.043Z] Time:          Tue Feb 28 2023 16:01:35 GMT+0400 (Грузия, стандартное время)
[debug] [2023-02-28T12:01:35.043Z] ----------------------------------------------------------------------
[debug] 
[debug] [2023-02-28T12:01:35.047Z] >>> [apiv2][query] GET https://firebase-public.firebaseio.com/cli.json [none]
[debug] [2023-02-28T12:01:35.112Z] > command requires scopes: ["email","openid","https://www.googleapis.com/auth/cloudplatformprojects.readonly","https://www.googleapis.com/auth/firebase","https://www.googleapis.com/auth/cloud-platform"]
[debug] [2023-02-28T12:01:35.112Z] > authorizing via signed-in user (dmitrijstahovic@gmail.com)
[info] 
     ######## #### ########  ######## ########     ###     ######  ########
     ##        ##  ##     ## ##       ##     ##  ##   ##  ##       ##
     ######    ##  ########  ######   ########  #########  ######  ######
     ##        ##  ##    ##  ##       ##     ## ##     ##       ## ##
     ##       #### ##     ## ######## ########  ##     ##  ######  ########

You're about to initialize a Firebase project in this directory:

  C:\Users\-\Desktop\frontend\Personal Dictionary

[debug] [2023-02-28T12:01:35.673Z] <<< [apiv2][status] GET https://firebase-public.firebaseio.com/cli.json 200
[debug] [2023-02-28T12:01:35.673Z] <<< [apiv2][body] GET https://firebase-public.firebaseio.com/cli.json {"cloudBuildErrorAfter":1594252800000,"cloudBuildWarnAfter":1590019200000,"defaultNode10After":1594252800000,"minVersion":"3.0.5","node8DeploysDisabledAfter":1613390400000,"node8RuntimeDisabledAfter":1615809600000,"node8WarnAfter":1600128000000}
[info] 
=== Project Setup
[info] 
[info] First, let's associate this project directory with a Firebase project.
[info] You can create multiple project aliases by running firebase use --add, 
[info] but for now we'll just set up a default project.
[info] 
[info] i  If you want to create a project in a Google Cloud organization or folder, please use "firebase projects:create" instead, and return to this command when you've created the project. 
